\BOOKMARK [1][]{kazalo-vsebine.1}{Kazalo}{}% 1
\BOOKMARK [1][]{povzetek.1}{Povzetek}{}% 2
\BOOKMARK [1][]{section.1}{Uvod}{}% 3
\BOOKMARK [2][]{subsection.1.1}{Motivacija}{section.1}% 4
\BOOKMARK [2][]{subsection.1.2}{Ohranitveni\040zakoni}{section.1}% 5
\BOOKMARK [2][]{subsection.1.3}{\376\377\000O\000h\000r\000a\000n\000i\000t\000v\000e\000n\000a\000\040\000e\000n\000a\001\015\000b\000a}{section.1}% 6
\BOOKMARK [2][]{subsection.1.4}{Zakon\040o\040ohranitvi\040mase}{section.1}% 7
\BOOKMARK [2][]{subsection.1.5}{\376\377\000Z\000a\000k\000o\000n\000\040\000o\000\040\000o\000h\000r\000a\000n\000i\000t\000v\000i\000\040\000g\000i\000b\000a\000l\000n\000e\000\040\000k\000o\000l\000i\001\015\000i\000n\000e}{section.1}% 8
\BOOKMARK [2][]{subsection.1.6}{\376\377\000Z\000a\000k\000o\000n\000\040\000o\000\040\000o\000h\000r\000a\000n\000i\000t\000v\000i\000\040\000v\000r\000t\000i\000l\000n\000e\000\040\000k\000o\000l\000i\001\015\000i\000n\000e}{section.1}% 9
\BOOKMARK [2][]{subsection.1.7}{\376\377\000Z\000a\000k\000o\000n\000\040\000o\000\040\000o\000h\000r\000a\000n\000i\000t\000v\000i\000\040\000v\000r\000t\000i\000n\001\015\000n\000o\000s\000t\000i}{section.1}% 10
\BOOKMARK [2][]{subsection.1.8}{Zakon\040o\040ohranitvi\040skalarja}{section.1}% 11
\BOOKMARK [2][]{subsection.1.9}{Lastnosti\040turbulence}{section.1}% 12
\BOOKMARK [3][]{subsubsection.1.9.1}{Reynoldsovo\040\235tevilo}{subsection.1.9}% 13
\BOOKMARK [3][]{subsubsection.1.9.2}{\376\377\000K\000i\000n\000e\000t\000i\001\015\000n\000a\000\040\000e\000n\000e\000r\000g\000i\000j\000a\000\040\000i\000n\000\040\000v\000i\000s\000k\000o\000z\000n\000a\000\040\000d\000i\000s\000i\000p\000a\000t\000i\000v\000n\000o\000s\000t}{subsection.1.9}% 14
\BOOKMARK [3][]{subsubsection.1.9.3}{Velikostne\040skale}{subsection.1.9}% 15
\BOOKMARK [1][]{section.2}{Simulacije\040velikih\040turbulentnih\040vrtincev}{}% 16
\BOOKMARK [2][]{subsection.2.1}{\376\377\000P\000o\000v\000p\000r\000e\001\015\000j\000a}{section.2}% 17
\BOOKMARK [3][]{subsubsection.2.1.1}{\376\377\000A\000n\000s\000a\000m\000b\000e\000l\000s\000k\000o\000\040\000p\000o\000v\000p\000r\000e\001\015\000j\000e}{subsection.2.1}% 18
\BOOKMARK [3][]{subsubsection.2.1.2}{Filtracija}{subsection.2.1}% 19
\BOOKMARK [2][]{subsection.2.2}{Filtrirani\040ohranitveni\040zakoni}{section.2}% 20
\BOOKMARK [3][]{subsubsection.2.2.1}{Filtriran\040zakon\040o\040ohranitvi\040mase}{subsection.2.2}% 21
\BOOKMARK [3][]{subsubsection.2.2.2}{\376\377\000F\000i\000l\000t\000r\000i\000r\000a\000n\000\040\000z\000a\000k\000o\000n\000\040\000o\000\040\000o\000h\000r\000a\000n\000i\000t\000v\000i\000\040\000g\000i\000b\000a\000l\000n\000e\000\040\000k\000o\000l\000i\001\015\000i\000n\000e}{subsection.2.2}% 22
\BOOKMARK [3][]{subsubsection.2.2.3}{\376\377\000F\000i\000l\000t\000r\000i\000r\000a\000n\000\040\000z\000a\000k\000o\000n\000\040\000o\000\040\000o\000h\000r\000a\000n\000i\000t\000v\000i\000\040\000v\000r\000t\000i\000n\001\015\000n\000o\000s\000t\000i}{subsection.2.2}% 23
\BOOKMARK [3][]{subsubsection.2.2.4}{Filtriran\040zakon\040o\040ohranitvi\040skalarja}{subsection.2.2}% 24
\BOOKMARK [3][]{subsubsection.2.2.5}{Filtriran\040materialni\040odvod}{subsection.2.2}% 25
\BOOKMARK [2][]{subsection.2.3}{Razre\235evanje\040filtriranih\040polj}{section.2}% 26
\BOOKMARK [3][]{subsubsection.2.3.1}{Diskretna\040Fourierova\040analiza}{subsection.2.3}% 27
\BOOKMARK [3][]{subsubsection.2.3.2}{Valovno\040preklopni\040filter}{subsection.2.3}% 28
\BOOKMARK [3][]{subsubsection.2.3.3}{Gaussov\040filter}{subsection.2.3}% 29
\BOOKMARK [3][]{subsubsection.2.3.4}{\227katlasti\040filter}{subsection.2.3}% 30
\BOOKMARK [1][]{section.3}{Energija\040in\040spektralna\040analiza}{}% 31
\BOOKMARK [2][]{subsection.3.1}{Osnovni\040pojmi}{section.3}% 32
\BOOKMARK [2][]{subsection.3.2}{Hipoteze\040Kolmogorova}{section.3}% 33
\BOOKMARK [2][]{subsection.3.3}{Energijsko\040spektralna\040funkcija}{section.3}% 34
\BOOKMARK [2][]{subsection.3.4}{Spekter\040Kolmogorova}{section.3}% 35
\BOOKMARK [2][]{subsection.3.5}{Napake\040filtriranih\040polj}{section.3}% 36
\BOOKMARK [1][]{section.4}{Modeliranje\040majhnih\040skal\040in\040problem\040zaprtja}{}% 37
\BOOKMARK [2][]{subsection.4.1}{Modeliranje\040z\040invariantami\040in\040posledice}{section.4}% 38
\BOOKMARK [2][]{subsection.4.2}{Boussinesqova\040aproksimacija\040in\040modeliranje\040tenzorja}{section.4}% 39
\BOOKMARK [3][]{subsubsection.4.2.1}{Model\040Smagorinskega}{subsection.4.2}% 40
\BOOKMARK [3][]{subsubsection.4.2.2}{\376\377\000D\000i\000n\000a\000m\000i\001\015\000n\000i\000\040\000m\000o\000d\000e\000l\000\040\000S\000m\000a\000g\000o\000r\000i\000n\000s\000k\000e\000g\000a}{subsection.4.2}% 41
\BOOKMARK [1][]{section.5}{Model\040MicroHH}{}% 42
\BOOKMARK [2][]{subsection.5.1}{Fizika\040modela}{section.5}% 43
\BOOKMARK [3][]{subsubsection.5.1.1}{\376\377\000E\000n\000a\001\015\000b\000e\000\040\000m\000o\000d\000e\000l\000a}{subsection.5.1}% 44
\BOOKMARK [3][]{subsubsection.5.1.2}{Sevanje}{subsection.5.1}% 45
\BOOKMARK [3][]{subsubsection.5.1.3}{Mikrofizika\040oblakov}{subsection.5.1}% 46
\BOOKMARK [3][]{subsubsection.5.1.4}{Zgornji\040bla\236ilni\040sloj}{subsection.5.1}% 47
\BOOKMARK [3][]{subsubsection.5.1.5}{Povr\235inski\040sloj}{subsection.5.1}% 48
\BOOKMARK [2][]{subsection.5.2}{\376\377\000D\000o\000m\000e\000n\000a\000,\000\040\001\015\000a\000s\000o\000v\000n\000i\000\040\000k\000o\000r\000a\000k\000,\000\040\000z\000a\001\015\000e\000t\000n\000i\000\040\000i\000n\000\040\000r\000o\000b\000n\000i\000\040\000p\000o\000g\000o\000j\000i}{section.5}% 49
\BOOKMARK [2][]{subsection.5.3}{Rezultati\040simulacij}{section.5}% 50
\BOOKMARK [3][]{subsubsection.5.3.1}{Planica}{subsection.5.3}% 51
\BOOKMARK [3][]{subsubsection.5.3.2}{Ljubljansko\040barje}{subsection.5.3}% 52
\BOOKMARK [2][]{subsection.5.4}{\376\377\000Z\000a\000k\000l\000j\000u\001\015\000e\000k}{section.5}% 53
\BOOKMARK [1][]{section*.18}{Literatura}{}% 54
